-------------------------------------------------------------------------------
Test set: Test
-------------------------------------------------------------------------------
Tests run: 2, Failures: 1, Errors: 0, Skipped: 0, Time elapsed: 0.05 sec <<< FAILURE! - in Test
test()  Time elapsed: 0.007 sec  <<< FAILURE!
org.opentest4j.AssertionFailedError: Not yet implemented
	at Test.test(Test.java:15)

